app/build/intermediates/manifest_merge_blame_file/debug/manifest-merger-blame-debug-report.txt
1<?xml version="1.0" encoding="utf-8"?>
2<manifest xmlns:android="http://schemas.android.com/apk/res/android"
3    package="com.google.mlkit.vision.demo"
4    android:installLocation="auto"
5    android:versionCode="11"
6    android:versionName="1.11" >
7    <!--
8 CameraX libraries require minSdkVersion 21, while this quickstart app
9    supports low to 19. Needs to use overrideLibrary to make the merger tool
10    ignore this conflict and import the libraries while keeping the app's lower
11    minSdkVersion value. In code, will check SDK version, before calling CameraX
12    APIs.
13    -->
14    <uses-sdk
14-->src\main\AndroidManifest.xml:13:5-182
15        android:minSdkVersion="23"
15-->src\main\AndroidManifest.xml:13:5-182
16        android:targetSdkVersion="34" />
16-->src\main\AndroidManifest.xml:13:5-182
17
18    <uses-feature android:name="android.hardware.camera" />
18-->src\main\AndroidManifest.xml:15:5-60
18-->src\main\AndroidManifest.xml:15:19-57
19
20    <uses-permission android:name="android.permission.INTERNET" />
20-->src\main\AndroidManifest.xml:17:5-67
20-->src\main\AndroidManifest.xml:17:22-64
21    <uses-permission android:name="android.permission.WRITE_EXTERNAL_STORAGE" />
21-->src\main\AndroidManifest.xml:18:5-81
21-->src\main\AndroidManifest.xml:18:22-78
22    <uses-permission android:name="android.permission.READ_EXTERNAL_STORAGE" />
22-->src\main\AndroidManifest.xml:19:5-80
22-->src\main\AndroidManifest.xml:19:22-77
23    <uses-permission android:name="android.permission.CAMERA" />
23-->src\main\AndroidManifest.xml:20:5-65
23-->src\main\AndroidManifest.xml:20:22-62
24
25    <queries>
25-->src\main\AndroidManifest.xml:22:5-26:15
26        <intent>
26-->src\main\AndroidManifest.xml:23:9-25:18
27            <action android:name="android.media.action.IMAGE_CAPTURE" />
27-->src\main\AndroidManifest.xml:24:13-73
27-->src\main\AndroidManifest.xml:24:21-70
28        </intent>
29    </queries>
30
31    <!-- For remote config -->
32    <uses-permission android:name="android.permission.ACCESS_NETWORK_STATE" />
32-->[com.google.mlkit:object-detection:17.0.0] AndroidManifest.xml:7:5-79
32-->[com.google.mlkit:object-detection:17.0.0] AndroidManifest.xml:7:22-76
33    <uses-permission android:name="android.permission.WAKE_LOCK" />
33-->[androidx.work:work-runtime:2.7.0] AndroidManifest.xml:25:5-68
33-->[androidx.work:work-runtime:2.7.0] AndroidManifest.xml:25:22-65
34    <uses-permission android:name="android.permission.RECEIVE_BOOT_COMPLETED" />
34-->[androidx.work:work-runtime:2.7.0] AndroidManifest.xml:27:5-81
34-->[androidx.work:work-runtime:2.7.0] AndroidManifest.xml:27:22-78
35    <uses-permission android:name="android.permission.FOREGROUND_SERVICE" />
35-->[androidx.work:work-runtime:2.7.0] AndroidManifest.xml:28:5-77
35-->[androidx.work:work-runtime:2.7.0] AndroidManifest.xml:28:22-74
36
37    <permission
37-->[androidx.core:core:1.9.0] AndroidManifest.xml:22:5-24:47
38        android:name="com.google.mlkit.vision.demo.DYNAMIC_RECEIVER_NOT_EXPORTED_PERMISSION"
38-->[androidx.core:core:1.9.0] AndroidManifest.xml:23:9-81
39        android:protectionLevel="signature" />
39-->[androidx.core:core:1.9.0] AndroidManifest.xml:24:9-44
40
41    <uses-permission android:name="com.google.mlkit.vision.demo.DYNAMIC_RECEIVER_NOT_EXPORTED_PERMISSION" />
41-->[androidx.core:core:1.9.0] AndroidManifest.xml:26:5-97
41-->[androidx.core:core:1.9.0] AndroidManifest.xml:26:22-94
42
43    <application
43-->src\main\AndroidManifest.xml:28:5-72:19
44        android:name="androidx.multidex.MultiDexApplication"
44-->src\main\AndroidManifest.xml:29:9-61
45        android:appComponentFactory="androidx.core.app.CoreComponentFactory"
45-->[androidx.core:core:1.9.0] AndroidManifest.xml:28:18-86
46        android:debuggable="true"
47        android:extractNativeLibs="false"
48        android:icon="@drawable/logo_mlkit"
48-->src\main\AndroidManifest.xml:30:9-44
49        android:label="ChatGPT OCR"
49-->src\main\AndroidManifest.xml:31:9-36
50        android:testOnly="true"
51        android:theme="@style/AppTheme"
51-->src\main\AndroidManifest.xml:32:9-40
52        android:usesCleartextTraffic="true" >
52-->src\main\AndroidManifest.xml:33:9-44
53        <activity
53-->src\main\AndroidManifest.xml:34:9-36:40
54            android:name="com.google.mlkit.vision.demo.kotlin.activity.OutputActivity"
54-->src\main\AndroidManifest.xml:35:13-59
55            android:exported="false" />
55-->src\main\AndroidManifest.xml:36:13-37
56        <activity
56-->src\main\AndroidManifest.xml:37:9-39:40
57            android:name="com.google.mlkit.vision.demo.kotlin.activity.OptionSelectionActivity"
57-->src\main\AndroidManifest.xml:38:13-68
58            android:exported="false" />
58-->src\main\AndroidManifest.xml:39:13-37
59
60        <meta-data
60-->src\main\AndroidManifest.xml:41:9-43:69
61            android:name="com.google.android.gms.version"
61-->src\main\AndroidManifest.xml:42:13-58
62            android:value="@integer/google_play_services_version" />
62-->src\main\AndroidManifest.xml:43:13-66
63        <!--
64 Optional: Add it to automatically download ML model to device after
65          your app is installed.
66        -->
67        <meta-data
67-->src\main\AndroidManifest.xml:48:9-50:130
68            android:name="com.google.mlkit.vision.DEPENDENCIES"
68-->src\main\AndroidManifest.xml:49:13-64
69            android:value="barcode,face,ocr,ocr_chinese,ocr_devanagari,ocr_japanese,ocr_korean,ica,custom_ica,subject_segment" />
69-->src\main\AndroidManifest.xml:50:13-127
70
71        <activity
71-->src\main\AndroidManifest.xml:52:9-61:20
72            android:name="com.google.mlkit.vision.demo.kotlin.activity.EntryChoiceActivity"
72-->src\main\AndroidManifest.xml:53:13-64
73            android:exported="true"
73-->src\main\AndroidManifest.xml:54:13-36
74            android:theme="@style/AppTheme" >
74-->src\main\AndroidManifest.xml:55:13-44
75            <intent-filter>
75-->src\main\AndroidManifest.xml:56:13-60:29
76                <action android:name="android.intent.action.MAIN" />
76-->src\main\AndroidManifest.xml:57:17-69
76-->src\main\AndroidManifest.xml:57:25-66
77
78                <category android:name="android.intent.category.LAUNCHER" />
78-->src\main\AndroidManifest.xml:59:17-77
78-->src\main\AndroidManifest.xml:59:27-74
79            </intent-filter>
80        </activity>
81        <activity
81-->src\main\AndroidManifest.xml:62:9-64:40
82            android:name="com.google.mlkit.vision.demo.kotlin.activity.ChooserActivity"
82-->src\main\AndroidManifest.xml:63:13-60
83            android:exported="false" />
83-->src\main\AndroidManifest.xml:64:13-37
84        <activity
84-->src\main\AndroidManifest.xml:65:9-68:47
85            android:name="com.google.mlkit.vision.demo.kotlin.activity.StillImageActivity"
85-->src\main\AndroidManifest.xml:66:13-63
86            android:exported="false"
86-->src\main\AndroidManifest.xml:67:13-37
87            android:theme="@style/AppTheme" />
87-->src\main\AndroidManifest.xml:68:13-44
88        <activity
88-->src\main\AndroidManifest.xml:69:9-71:40
89            android:name="com.google.mlkit.vision.demo.preference.SettingsActivity"
89-->src\main\AndroidManifest.xml:70:13-56
90            android:exported="false" />
90-->src\main\AndroidManifest.xml:71:13-37
91
92        <service
92-->[com.google.mlkit:object-detection:17.0.0] AndroidManifest.xml:11:9-17:19
93            android:name="com.google.mlkit.common.internal.MlKitComponentDiscoveryService"
93-->[com.google.mlkit:object-detection:17.0.0] AndroidManifest.xml:12:13-91
94            android:directBootAware="true"
94-->[com.google.mlkit:common:18.10.0] AndroidManifest.xml:17:13-43
95            android:exported="false" >
95-->[com.google.mlkit:object-detection:17.0.0] AndroidManifest.xml:13:13-37
96            <meta-data
96-->[com.google.mlkit:object-detection:17.0.0] AndroidManifest.xml:14:13-16:85
97                android:name="com.google.firebase.components:com.google.mlkit.vision.objects.defaults.internal.DefaultObjectsRegistrar"
97-->[com.google.mlkit:object-detection:17.0.0] AndroidManifest.xml:15:17-136
98                android:value="com.google.firebase.components.ComponentRegistrar" />
98-->[com.google.mlkit:object-detection:17.0.0] AndroidManifest.xml:16:17-82
99            <meta-data
99-->[com.google.mlkit:object-detection-custom:17.0.1] AndroidManifest.xml:11:13-13:85
100                android:name="com.google.firebase.components:com.google.mlkit.vision.objects.custom.internal.CustomObjectsRegistrar"
100-->[com.google.mlkit:object-detection-custom:17.0.1] AndroidManifest.xml:12:17-133
101                android:value="com.google.firebase.components.ComponentRegistrar" />
101-->[com.google.mlkit:object-detection-custom:17.0.1] AndroidManifest.xml:13:17-82
102            <meta-data
102-->[com.google.mlkit:image-labeling:17.0.7] AndroidManifest.xml:11:13-13:85
103                android:name="com.google.firebase.components:com.google.mlkit.vision.label.defaults.internal.BundledLabelRegistrar"
103-->[com.google.mlkit:image-labeling:17.0.7] AndroidManifest.xml:12:17-132
104                android:value="com.google.firebase.components.ComponentRegistrar" />
104-->[com.google.mlkit:image-labeling:17.0.7] AndroidManifest.xml:13:17-82
105            <meta-data
105-->[com.google.mlkit:image-labeling-custom:17.0.2] AndroidManifest.xml:11:13-13:85
106                android:name="com.google.firebase.components:com.google.mlkit.vision.label.custom.internal.CustomLabelRegistrar"
106-->[com.google.mlkit:image-labeling-custom:17.0.2] AndroidManifest.xml:12:17-129
107                android:value="com.google.firebase.components.ComponentRegistrar" />
107-->[com.google.mlkit:image-labeling-custom:17.0.2] AndroidManifest.xml:13:17-82
108            <meta-data
108-->[com.google.mlkit:segmentation-selfie:16.0.0-beta4] AndroidManifest.xml:12:13-14:85
109                android:name="com.google.firebase.components:com.google.mlkit.vision.segmentation.internal.SegmentationRegistrar"
109-->[com.google.mlkit:segmentation-selfie:16.0.0-beta4] AndroidManifest.xml:13:17-130
110                android:value="com.google.firebase.components.ComponentRegistrar" />
110-->[com.google.mlkit:segmentation-selfie:16.0.0-beta4] AndroidManifest.xml:14:17-82
111            <meta-data
111-->[com.google.mlkit:face-mesh-detection:16.0.0-beta1] AndroidManifest.xml:11:13-13:85
112                android:name="com.google.firebase.components:com.google.mlkit.vision.facemesh.internal.FaceMeshRegistrar"
112-->[com.google.mlkit:face-mesh-detection:16.0.0-beta1] AndroidManifest.xml:12:17-122
113                android:value="com.google.firebase.components.ComponentRegistrar" />
113-->[com.google.mlkit:face-mesh-detection:16.0.0-beta1] AndroidManifest.xml:13:17-82
114            <meta-data
114-->[com.google.android.gms:play-services-mlkit-subject-segmentation:16.0.0-beta1] AndroidManifest.xml:11:13-13:85
115                android:name="com.google.firebase.components:com.google.mlkit.vision.segmentation.subject.internal.SubjectSegmentationRegistrar"
115-->[com.google.android.gms:play-services-mlkit-subject-segmentation:16.0.0-beta1] AndroidManifest.xml:12:17-145
116                android:value="com.google.firebase.components.ComponentRegistrar" />
116-->[com.google.android.gms:play-services-mlkit-subject-segmentation:16.0.0-beta1] AndroidManifest.xml:13:17-82
117            <meta-data
117-->[com.google.android.gms:play-services-mlkit-barcode-scanning:18.3.0] AndroidManifest.xml:12:13-14:85
118                android:name="com.google.firebase.components:com.google.mlkit.vision.barcode.internal.BarcodeRegistrar"
118-->[com.google.android.gms:play-services-mlkit-barcode-scanning:18.3.0] AndroidManifest.xml:13:17-120
119                android:value="com.google.firebase.components.ComponentRegistrar" />
119-->[com.google.android.gms:play-services-mlkit-barcode-scanning:18.3.0] AndroidManifest.xml:14:17-82
120            <meta-data
120-->[com.google.mlkit:vision-internal-vkp:18.2.2] AndroidManifest.xml:14:13-16:85
121                android:name="com.google.firebase.components:com.google.mlkit.vision.vkp.VkpRegistrar"
121-->[com.google.mlkit:vision-internal-vkp:18.2.2] AndroidManifest.xml:15:17-103
122                android:value="com.google.firebase.components.ComponentRegistrar" />
122-->[com.google.mlkit:vision-internal-vkp:18.2.2] AndroidManifest.xml:16:17-82
123            <meta-data
123-->[com.google.android.gms:play-services-mlkit-face-detection:17.0.1] AndroidManifest.xml:12:13-14:85
124                android:name="com.google.firebase.components:com.google.mlkit.vision.face.internal.FaceRegistrar"
124-->[com.google.android.gms:play-services-mlkit-face-detection:17.0.1] AndroidManifest.xml:13:17-114
125                android:value="com.google.firebase.components.ComponentRegistrar" />
125-->[com.google.android.gms:play-services-mlkit-face-detection:17.0.1] AndroidManifest.xml:14:17-82
126            <meta-data
126-->[com.google.android.gms:play-services-mlkit-text-recognition-common:19.0.0] AndroidManifest.xml:12:13-14:85
127                android:name="com.google.firebase.components:com.google.mlkit.vision.text.internal.TextRegistrar"
127-->[com.google.android.gms:play-services-mlkit-text-recognition-common:19.0.0] AndroidManifest.xml:13:17-114
128                android:value="com.google.firebase.components.ComponentRegistrar" />
128-->[com.google.android.gms:play-services-mlkit-text-recognition-common:19.0.0] AndroidManifest.xml:14:17-82
129            <meta-data
129-->[com.google.mlkit:pose-detection-common:18.0.0-beta3] AndroidManifest.xml:29:13-31:85
130                android:name="com.google.firebase.components:com.google.mlkit.vision.pose.internal.PoseRegistrar"
130-->[com.google.mlkit:pose-detection-common:18.0.0-beta3] AndroidManifest.xml:30:17-114
131                android:value="com.google.firebase.components.ComponentRegistrar" />
131-->[com.google.mlkit:pose-detection-common:18.0.0-beta3] AndroidManifest.xml:31:17-82
132            <meta-data
132-->[com.google.mlkit:vision-common:17.3.0] AndroidManifest.xml:12:13-14:85
133                android:name="com.google.firebase.components:com.google.mlkit.vision.common.internal.VisionCommonRegistrar"
133-->[com.google.mlkit:vision-common:17.3.0] AndroidManifest.xml:13:17-124
134                android:value="com.google.firebase.components.ComponentRegistrar" />
134-->[com.google.mlkit:vision-common:17.3.0] AndroidManifest.xml:14:17-82
135            <meta-data
135-->[com.google.mlkit:common:18.10.0] AndroidManifest.xml:20:13-22:85
136                android:name="com.google.firebase.components:com.google.mlkit.common.internal.CommonComponentRegistrar"
136-->[com.google.mlkit:common:18.10.0] AndroidManifest.xml:21:17-120
137                android:value="com.google.firebase.components.ComponentRegistrar" />
137-->[com.google.mlkit:common:18.10.0] AndroidManifest.xml:22:17-82
138        </service>
139        <!--
140             Required for ML Kit Pose Detection GPU acceleration. Applications that target Android
141             S+ require explicit declaration of any referenced vendor-provided libraries.
142        -->
143        <uses-native-library
143-->[com.google.mlkit:pose-detection-common:18.0.0-beta3] AndroidManifest.xml:16:9-18:40
144            android:name="libOpenCL.so"
144-->[com.google.mlkit:pose-detection-common:18.0.0-beta3] AndroidManifest.xml:17:13-40
145            android:required="false" />
145-->[com.google.mlkit:pose-detection-common:18.0.0-beta3] AndroidManifest.xml:18:13-37
146        <uses-native-library
146-->[com.google.mlkit:pose-detection-common:18.0.0-beta3] AndroidManifest.xml:16:9-18:40
147            android:name="libOpenCL-car.so"
147-->[com.google.mlkit:pose-detection-common:18.0.0-beta3] AndroidManifest.xml:17:13-40
148            android:required="false" />
148-->[com.google.mlkit:pose-detection-common:18.0.0-beta3] AndroidManifest.xml:18:13-37
149        <uses-native-library
149-->[com.google.mlkit:pose-detection-common:18.0.0-beta3] AndroidManifest.xml:16:9-18:40
150            android:name="libOpenCL-pixel.so"
150-->[com.google.mlkit:pose-detection-common:18.0.0-beta3] AndroidManifest.xml:17:13-40
151            android:required="false" />
151-->[com.google.mlkit:pose-detection-common:18.0.0-beta3] AndroidManifest.xml:18:13-37
152
153        <provider
153-->[com.google.mlkit:common:18.10.0] AndroidManifest.xml:9:9-13:38
154            android:name="com.google.mlkit.common.internal.MlKitInitProvider"
154-->[com.google.mlkit:common:18.10.0] AndroidManifest.xml:10:13-78
155            android:authorities="com.google.mlkit.vision.demo.mlkitinitprovider"
155-->[com.google.mlkit:common:18.10.0] AndroidManifest.xml:11:13-69
156            android:exported="false"
156-->[com.google.mlkit:common:18.10.0] AndroidManifest.xml:12:13-37
157            android:initOrder="99" />
157-->[com.google.mlkit:common:18.10.0] AndroidManifest.xml:13:13-35
158
159        <service
159-->[com.google.mlkit:acceleration:16.0.0-beta1] AndroidManifest.xml:8:9-11:68
160            android:name="com.google.mlkit.acceleration.internal.MlKitRemoteWorkerService"
160-->[com.google.mlkit:acceleration:16.0.0-beta1] AndroidManifest.xml:9:13-91
161            android:exported="false"
161-->[com.google.mlkit:acceleration:16.0.0-beta1] AndroidManifest.xml:10:13-37
162            android:process=":mlkit_acceleration_mini_benchmark" />
162-->[com.google.mlkit:acceleration:16.0.0-beta1] AndroidManifest.xml:11:13-65
163
164        <activity
164-->[com.google.android.gms:play-services-base:18.1.0] AndroidManifest.xml:20:9-22:45
165            android:name="com.google.android.gms.common.api.GoogleApiActivity"
165-->[com.google.android.gms:play-services-base:18.1.0] AndroidManifest.xml:20:19-85
166            android:exported="false"
166-->[com.google.android.gms:play-services-base:18.1.0] AndroidManifest.xml:22:19-43
167            android:theme="@android:style/Theme.Translucent.NoTitleBar" />
167-->[com.google.android.gms:play-services-base:18.1.0] AndroidManifest.xml:21:19-78
168
169        <provider
169-->[androidx.emoji2:emoji2:1.2.0] AndroidManifest.xml:24:9-32:20
170            android:name="androidx.startup.InitializationProvider"
170-->[androidx.emoji2:emoji2:1.2.0] AndroidManifest.xml:25:13-67
171            android:authorities="com.google.mlkit.vision.demo.androidx-startup"
171-->[androidx.emoji2:emoji2:1.2.0] AndroidManifest.xml:26:13-68
172            android:exported="false" >
172-->[androidx.emoji2:emoji2:1.2.0] AndroidManifest.xml:27:13-37
173            <meta-data
173-->[androidx.emoji2:emoji2:1.2.0] AndroidManifest.xml:29:13-31:52
174                android:name="androidx.emoji2.text.EmojiCompatInitializer"
174-->[androidx.emoji2:emoji2:1.2.0] AndroidManifest.xml:30:17-75
175                android:value="androidx.startup" />
175-->[androidx.emoji2:emoji2:1.2.0] AndroidManifest.xml:31:17-49
176            <meta-data
176-->[androidx.work:work-runtime:2.7.0] AndroidManifest.xml:36:13-38:52
177                android:name="androidx.work.WorkManagerInitializer"
177-->[androidx.work:work-runtime:2.7.0] AndroidManifest.xml:37:17-68
178                android:value="androidx.startup" />
178-->[androidx.work:work-runtime:2.7.0] AndroidManifest.xml:38:17-49
179            <meta-data
179-->[androidx.lifecycle:lifecycle-process:2.6.1] AndroidManifest.xml:29:13-31:52
180                android:name="androidx.lifecycle.ProcessLifecycleInitializer"
180-->[androidx.lifecycle:lifecycle-process:2.6.1] AndroidManifest.xml:30:17-78
181                android:value="androidx.startup" />
181-->[androidx.lifecycle:lifecycle-process:2.6.1] AndroidManifest.xml:31:17-49
182            <meta-data
182-->[androidx.profileinstaller:profileinstaller:1.3.0] AndroidManifest.xml:29:13-31:52
183                android:name="androidx.profileinstaller.ProfileInstallerInitializer"
183-->[androidx.profileinstaller:profileinstaller:1.3.0] AndroidManifest.xml:30:17-85
184                android:value="androidx.startup" />
184-->[androidx.profileinstaller:profileinstaller:1.3.0] AndroidManifest.xml:31:17-49
185        </provider>
186
187        <service
187-->[androidx.work:work-multiprocess:2.7.0] AndroidManifest.xml:25:9-27:40
188            android:name="androidx.work.multiprocess.RemoteWorkManagerService"
188-->[androidx.work:work-multiprocess:2.7.0] AndroidManifest.xml:26:13-79
189            android:exported="false" />
189-->[androidx.work:work-multiprocess:2.7.0] AndroidManifest.xml:27:13-37
190        <service
190-->[androidx.work:work-runtime:2.7.0] AndroidManifest.xml:41:9-46:35
191            android:name="androidx.work.impl.background.systemalarm.SystemAlarmService"
191-->[androidx.work:work-runtime:2.7.0] AndroidManifest.xml:42:13-88
192            android:directBootAware="false"
192-->[androidx.work:work-runtime:2.7.0] AndroidManifest.xml:43:13-44
193            android:enabled="@bool/enable_system_alarm_service_default"
193-->[androidx.work:work-runtime:2.7.0] AndroidManifest.xml:44:13-72
194            android:exported="false" />
194-->[androidx.work:work-runtime:2.7.0] AndroidManifest.xml:45:13-37
195        <service
195-->[androidx.work:work-runtime:2.7.0] AndroidManifest.xml:47:9-53:35
196            android:name="androidx.work.impl.background.systemjob.SystemJobService"
196-->[androidx.work:work-runtime:2.7.0] AndroidManifest.xml:48:13-84
197            android:directBootAware="false"
197-->[androidx.work:work-runtime:2.7.0] AndroidManifest.xml:49:13-44
198            android:enabled="@bool/enable_system_job_service_default"
198-->[androidx.work:work-runtime:2.7.0] AndroidManifest.xml:50:13-70
199            android:exported="true"
199-->[androidx.work:work-runtime:2.7.0] AndroidManifest.xml:51:13-36
200            android:permission="android.permission.BIND_JOB_SERVICE" />
200-->[androidx.work:work-runtime:2.7.0] AndroidManifest.xml:52:13-69
201        <service
201-->[androidx.work:work-runtime:2.7.0] AndroidManifest.xml:54:9-59:35
202            android:name="androidx.work.impl.foreground.SystemForegroundService"
202-->[androidx.work:work-runtime:2.7.0] AndroidManifest.xml:55:13-81
203            android:directBootAware="false"
203-->[androidx.work:work-runtime:2.7.0] AndroidManifest.xml:56:13-44
204            android:enabled="@bool/enable_system_foreground_service_default"
204-->[androidx.work:work-runtime:2.7.0] AndroidManifest.xml:57:13-77
205            android:exported="false" />
205-->[androidx.work:work-runtime:2.7.0] AndroidManifest.xml:58:13-37
206
207        <receiver
207-->[androidx.work:work-runtime:2.7.0] AndroidManifest.xml:61:9-66:35
208            android:name="androidx.work.impl.utils.ForceStopRunnable$BroadcastReceiver"
208-->[androidx.work:work-runtime:2.7.0] AndroidManifest.xml:62:13-88
209            android:directBootAware="false"
209-->[androidx.work:work-runtime:2.7.0] AndroidManifest.xml:63:13-44
210            android:enabled="true"
210-->[androidx.work:work-runtime:2.7.0] AndroidManifest.xml:64:13-35
211            android:exported="false" />
211-->[androidx.work:work-runtime:2.7.0] AndroidManifest.xml:65:13-37
212        <receiver
212-->[androidx.work:work-runtime:2.7.0] AndroidManifest.xml:67:9-77:20
213            android:name="androidx.work.impl.background.systemalarm.ConstraintProxy$BatteryChargingProxy"
213-->[androidx.work:work-runtime:2.7.0] AndroidManifest.xml:68:13-106
214            android:directBootAware="false"
214-->[androidx.work:work-runtime:2.7.0] AndroidManifest.xml:69:13-44
215            android:enabled="false"
215-->[androidx.work:work-runtime:2.7.0] AndroidManifest.xml:70:13-36
216            android:exported="false" >
216-->[androidx.work:work-runtime:2.7.0] AndroidManifest.xml:71:13-37
217            <intent-filter>
217-->[androidx.work:work-runtime:2.7.0] AndroidManifest.xml:73:13-76:29
218                <action android:name="android.intent.action.ACTION_POWER_CONNECTED" />
218-->[androidx.work:work-runtime:2.7.0] AndroidManifest.xml:74:17-87
218-->[androidx.work:work-runtime:2.7.0] AndroidManifest.xml:74:25-84
219                <action android:name="android.intent.action.ACTION_POWER_DISCONNECTED" />
219-->[androidx.work:work-runtime:2.7.0] AndroidManifest.xml:75:17-90
219-->[androidx.work:work-runtime:2.7.0] AndroidManifest.xml:75:25-87
220            </intent-filter>
221        </receiver>
222        <receiver
222-->[androidx.work:work-runtime:2.7.0] AndroidManifest.xml:78:9-88:20
223            android:name="androidx.work.impl.background.systemalarm.ConstraintProxy$BatteryNotLowProxy"
223-->[androidx.work:work-runtime:2.7.0] AndroidManifest.xml:79:13-104
224            android:directBootAware="false"
224-->[androidx.work:work-runtime:2.7.0] AndroidManifest.xml:80:13-44
225            android:enabled="false"
225-->[androidx.work:work-runtime:2.7.0] AndroidManifest.xml:81:13-36
226            android:exported="false" >
226-->[androidx.work:work-runtime:2.7.0] AndroidManifest.xml:82:13-37
227            <intent-filter>
227-->[androidx.work:work-runtime:2.7.0] AndroidManifest.xml:84:13-87:29
228                <action android:name="android.intent.action.BATTERY_OKAY" />
228-->[androidx.work:work-runtime:2.7.0] AndroidManifest.xml:85:17-77
228-->[androidx.work:work-runtime:2.7.0] AndroidManifest.xml:85:25-74
229                <action android:name="android.intent.action.BATTERY_LOW" />
229-->[androidx.work:work-runtime:2.7.0] AndroidManifest.xml:86:17-76
229-->[androidx.work:work-runtime:2.7.0] AndroidManifest.xml:86:25-73
230            </intent-filter>
231        </receiver>
232        <receiver
232-->[androidx.work:work-runtime:2.7.0] AndroidManifest.xml:89:9-99:20
233            android:name="androidx.work.impl.background.systemalarm.ConstraintProxy$StorageNotLowProxy"
233-->[androidx.work:work-runtime:2.7.0] AndroidManifest.xml:90:13-104
234            android:directBootAware="false"
234-->[androidx.work:work-runtime:2.7.0] AndroidManifest.xml:91:13-44
235            android:enabled="false"
235-->[androidx.work:work-runtime:2.7.0] AndroidManifest.xml:92:13-36
236            android:exported="false" >
236-->[androidx.work:work-runtime:2.7.0] AndroidManifest.xml:93:13-37
237            <intent-filter>
237-->[androidx.work:work-runtime:2.7.0] AndroidManifest.xml:95:13-98:29
238                <action android:name="android.intent.action.DEVICE_STORAGE_LOW" />
238-->[androidx.work:work-runtime:2.7.0] AndroidManifest.xml:96:17-83
238-->[androidx.work:work-runtime:2.7.0] AndroidManifest.xml:96:25-80
239                <action android:name="android.intent.action.DEVICE_STORAGE_OK" />
239-->[androidx.work:work-runtime:2.7.0] AndroidManifest.xml:97:17-82
239-->[androidx.work:work-runtime:2.7.0] AndroidManifest.xml:97:25-79
240            </intent-filter>
241        </receiver>
242        <receiver
242-->[androidx.work:work-runtime:2.7.0] AndroidManifest.xml:100:9-109:20
243            android:name="androidx.work.impl.background.systemalarm.ConstraintProxy$NetworkStateProxy"
243-->[androidx.work:work-runtime:2.7.0] AndroidManifest.xml:101:13-103
244            android:directBootAware="false"
244-->[androidx.work:work-runtime:2.7.0] AndroidManifest.xml:102:13-44
245            android:enabled="false"
245-->[androidx.work:work-runtime:2.7.0] AndroidManifest.xml:103:13-36
246            android:exported="false" >
246-->[androidx.work:work-runtime:2.7.0] AndroidManifest.xml:104:13-37
247            <intent-filter>
247-->[androidx.work:work-runtime:2.7.0] AndroidManifest.xml:106:13-108:29
248                <action android:name="android.net.conn.CONNECTIVITY_CHANGE" />
248-->[androidx.work:work-runtime:2.7.0] AndroidManifest.xml:107:17-79
248-->[androidx.work:work-runtime:2.7.0] AndroidManifest.xml:107:25-76
249            </intent-filter>
250        </receiver>
251        <receiver
251-->[androidx.work:work-runtime:2.7.0] AndroidManifest.xml:110:9-121:20
252            android:name="androidx.work.impl.background.systemalarm.RescheduleReceiver"
252-->[androidx.work:work-runtime:2.7.0] AndroidManifest.xml:111:13-88
253            android:directBootAware="false"
253-->[androidx.work:work-runtime:2.7.0] AndroidManifest.xml:112:13-44
254            android:enabled="false"
254-->[androidx.work:work-runtime:2.7.0] AndroidManifest.xml:113:13-36
255            android:exported="false" >
255-->[androidx.work:work-runtime:2.7.0] AndroidManifest.xml:114:13-37
256            <intent-filter>
256-->[androidx.work:work-runtime:2.7.0] AndroidManifest.xml:116:13-120:29
257                <action android:name="android.intent.action.BOOT_COMPLETED" />
257-->[androidx.work:work-runtime:2.7.0] AndroidManifest.xml:117:17-79
257-->[androidx.work:work-runtime:2.7.0] AndroidManifest.xml:117:25-76
258                <action android:name="android.intent.action.TIME_SET" />
258-->[androidx.work:work-runtime:2.7.0] AndroidManifest.xml:118:17-73
258-->[androidx.work:work-runtime:2.7.0] AndroidManifest.xml:118:25-70
259                <action android:name="android.intent.action.TIMEZONE_CHANGED" />
259-->[androidx.work:work-runtime:2.7.0] AndroidManifest.xml:119:17-81
259-->[androidx.work:work-runtime:2.7.0] AndroidManifest.xml:119:25-78
260            </intent-filter>
261        </receiver>
262        <receiver
262-->[androidx.work:work-runtime:2.7.0] AndroidManifest.xml:122:9-131:20
263            android:name="androidx.work.impl.background.systemalarm.ConstraintProxyUpdateReceiver"
263-->[androidx.work:work-runtime:2.7.0] AndroidManifest.xml:123:13-99
264            android:directBootAware="false"
264-->[androidx.work:work-runtime:2.7.0] AndroidManifest.xml:124:13-44
265            android:enabled="@bool/enable_system_alarm_service_default"
265-->[androidx.work:work-runtime:2.7.0] AndroidManifest.xml:125:13-72
266            android:exported="false" >
266-->[androidx.work:work-runtime:2.7.0] AndroidManifest.xml:126:13-37
267            <intent-filter>